2025-07-17 23:02:23,028 [Worker-1: Loading available Gradle versions] INFO  o.e.b.c.i.u.g.PublishedGradleVersions - Gradle version information cache is not available. Remote download required.
2025-07-17 23:05:12,603 [Worker-3: Import Getting Started Content] INFO  o.e.m.c.i.l.LifecycleMappingFactory - Using org.eclipse.m2e.jdt.JarLifecycleMapping lifecycle mapping for MavenProject: com.ihub.www:backend:0.0.1-SNAPSHOT @ D:\iHub\Java-Project\sb-workplace\backend\pom.xml.
2025-07-17 23:05:13,905 [Worker-3: Import Getting Started Content] INFO  o.e.m.j.i.AbstractJavaProjectConfigurator - Adding source folder /backend/src/main/java
2025-07-17 23:05:13,906 [Worker-3: Import Getting Started Content] INFO  o.e.m.j.i.AbstractJavaProjectConfigurator - Adding resource folder /backend/src/main/resources
2025-07-17 23:05:13,913 [Worker-3: Import Getting Started Content] INFO  o.e.m.j.i.AbstractJavaProjectConfigurator - Adding resource folder /backend/src/main/resources
2025-07-17 23:05:13,918 [Worker-3: Import Getting Started Content] INFO  o.e.m.j.i.AbstractJavaProjectConfigurator - Adding source folder /backend/src/test/java
2025-07-17 23:05:13,919 [Worker-3: Import Getting Started Content] INFO  o.e.m.j.i.AbstractJavaProjectConfigurator - Adding resource folder /backend/src/test/resources
2025-07-17 23:05:14,940 [Worker-3: Import Getting Started Content] INFO  o.e.m.c.i.p.ProjectConfigurationManager - Imported and configured 1 project(s) in 4 sec
2025-07-17 23:05:14,945 [Worker-3: Import Getting Started Content] INFO  o.e.m.c.i.p.ProjectConfigurationManager - Update started
2025-07-17 23:05:15,323 [Worker-3: Import Getting Started Content] INFO  o.e.m.c.i.l.LifecycleMappingFactory - Using org.eclipse.m2e.jdt.JarLifecycleMapping lifecycle mapping for MavenProject: com.ihub.www:backend:0.0.1-SNAPSHOT @ D:\iHub\Java-Project\sb-workplace\backend\pom.xml.
2025-07-17 23:05:15,947 [Worker-3: Import Getting Started Content] INFO  o.e.m.j.i.AbstractJavaProjectConfigurator - Adding source folder /backend/src/main/java
2025-07-17 23:05:15,948 [Worker-3: Import Getting Started Content] INFO  o.e.m.j.i.AbstractJavaProjectConfigurator - Adding resource folder /backend/src/main/resources
2025-07-17 23:05:15,948 [Worker-3: Import Getting Started Content] INFO  o.e.m.j.i.AbstractJavaProjectConfigurator - Adding resource folder /backend/src/main/resources
2025-07-17 23:05:15,950 [Worker-3: Import Getting Started Content] INFO  o.e.m.j.i.AbstractJavaProjectConfigurator - Adding source folder /backend/src/test/java
2025-07-17 23:05:15,950 [Worker-3: Import Getting Started Content] INFO  o.e.m.j.i.AbstractJavaProjectConfigurator - Adding resource folder /backend/src/test/resources
2025-07-17 23:05:16,559 [Worker-3: Import Getting Started Content] INFO  o.e.m.c.i.p.ProjectConfigurationManager - Update completed for 1 poms: local refresh takes 0.00 sec, refresh facades takes 0.00 sec, update config takes 0.00 sec 
2025-07-17 23:05:17,696 [Worker-1: Building] INFO  o.a.m.s.f.DefaultMavenResourcesFiltering - Copying 1 resource from src\main\resources to target\classes
2025-07-17 23:05:17,716 [Worker-1: Building] INFO  o.a.m.s.f.DefaultMavenResourcesFiltering - Copying 0 resource from src\main\resources to target\classes
2025-07-17 23:05:17,722 [Worker-1: Building] INFO  o.a.m.s.f.DefaultMavenResourcesFiltering - skip non existing resourceDirectory D:\iHub\Java-Project\sb-workplace\backend\src\test\resources
2025-07-17 23:07:36,993 [Worker-10: Building] INFO  o.a.m.s.f.DefaultMavenResourcesFiltering - Copying 1 resource from src\main\resources to target\classes
2025-07-17 23:07:37,002 [Worker-10: Building] INFO  o.a.m.s.f.DefaultMavenResourcesFiltering - Copying 0 resource from src\main\resources to target\classes
2025-07-17 23:07:37,012 [Worker-10: Building] INFO  o.a.m.s.f.DefaultMavenResourcesFiltering - skip non existing resourceDirectory D:\iHub\Java-Project\sb-workplace\backend\src\test\resources
2025-07-17 23:33:36,955 [Worker-0: Building] INFO  o.a.m.s.f.DefaultMavenResourcesFiltering - Copying 1 resource from src\main\resources to target\classes
2025-07-17 23:33:36,964 [Worker-0: Building] INFO  o.a.m.s.f.DefaultMavenResourcesFiltering - Copying 0 resource from src\main\resources to target\classes
2025-07-17 23:33:36,984 [Worker-0: Building] INFO  o.a.m.s.f.DefaultMavenResourcesFiltering - skip non existing resourceDirectory D:\iHub\Java-Project\sb-workplace\backend\src\test\resources
2025-07-18 00:02:17,955 [Worker-24: Building] INFO  o.a.m.s.f.DefaultMavenResourcesFiltering - Copying 1 resource from src\main\resources to target\classes
2025-07-18 00:02:17,980 [Worker-24: Building] INFO  o.a.m.s.f.DefaultMavenResourcesFiltering - Copying 0 resource from src\main\resources to target\classes
2025-07-18 00:02:17,984 [Worker-24: Building] INFO  o.a.m.s.f.DefaultMavenResourcesFiltering - skip non existing resourceDirectory D:\iHub\Java-Project\sb-workplace\backend\src\test\resources
2025-07-18 00:03:38,492 [Worker-13: Building] INFO  o.a.m.s.f.DefaultMavenResourcesFiltering - Copying 1 resource from src\main\resources to target\classes
2025-07-18 00:03:38,513 [Worker-13: Building] INFO  o.a.m.s.f.DefaultMavenResourcesFiltering - Copying 0 resource from src\main\resources to target\classes
2025-07-18 00:03:38,518 [Worker-13: Building] INFO  o.a.m.s.f.DefaultMavenResourcesFiltering - skip non existing resourceDirectory D:\iHub\Java-Project\sb-workplace\backend\src\test\resources
2025-07-18 00:04:12,866 [Worker-24: Building] INFO  o.a.m.s.f.DefaultMavenResourcesFiltering - Copying 1 resource from src\main\resources to target\classes
2025-07-18 00:04:12,882 [Worker-24: Building] INFO  o.a.m.s.f.DefaultMavenResourcesFiltering - Copying 0 resource from src\main\resources to target\classes
2025-07-18 00:04:12,888 [Worker-24: Building] INFO  o.a.m.s.f.DefaultMavenResourcesFiltering - skip non existing resourceDirectory D:\iHub\Java-Project\sb-workplace\backend\src\test\resources
2025-07-18 00:04:15,822 [Worker-13: Building] INFO  o.a.m.s.f.DefaultMavenResourcesFiltering - Copying 1 resource from src\main\resources to target\classes
2025-07-18 00:04:15,835 [Worker-13: Building] INFO  o.a.m.s.f.DefaultMavenResourcesFiltering - Copying 0 resource from src\main\resources to target\classes
2025-07-18 00:04:15,840 [Worker-13: Building] INFO  o.a.m.s.f.DefaultMavenResourcesFiltering - skip non existing resourceDirectory D:\iHub\Java-Project\sb-workplace\backend\src\test\resources
2025-07-18 00:06:10,979 [Worker-25: Building] INFO  o.a.m.s.f.DefaultMavenResourcesFiltering - Copying 1 resource from src\main\resources to target\classes
2025-07-18 00:06:10,991 [Worker-25: Building] INFO  o.a.m.s.f.DefaultMavenResourcesFiltering - Copying 0 resource from src\main\resources to target\classes
2025-07-18 00:06:10,995 [Worker-25: Building] INFO  o.a.m.s.f.DefaultMavenResourcesFiltering - skip non existing resourceDirectory D:\iHub\Java-Project\sb-workplace\backend\src\test\resources
2025-07-18 00:13:56,215 [Worker-28: Building] INFO  o.a.m.s.f.DefaultMavenResourcesFiltering - Copying 1 resource from src\main\resources to target\classes
2025-07-18 00:13:56,221 [Worker-28: Building] INFO  o.a.m.s.f.DefaultMavenResourcesFiltering - Copying 0 resource from src\main\resources to target\classes
2025-07-18 00:13:56,225 [Worker-28: Building] INFO  o.a.m.s.f.DefaultMavenResourcesFiltering - skip non existing resourceDirectory D:\iHub\Java-Project\sb-workplace\backend\src\test\resources
2025-07-18 00:30:21,217 [Worker-25: Building] INFO  o.a.m.s.f.DefaultMavenResourcesFiltering - Copying 1 resource from src\main\resources to target\classes
2025-07-18 00:30:21,222 [Worker-25: Building] INFO  o.a.m.s.f.DefaultMavenResourcesFiltering - Copying 0 resource from src\main\resources to target\classes
2025-07-18 00:30:21,223 [Worker-25: Building] INFO  o.a.m.s.f.DefaultMavenResourcesFiltering - skip non existing resourceDirectory D:\iHub\Java-Project\sb-workplace\backend\src\test\resources
2025-07-18 00:30:35,553 [Worker-25: Building] INFO  o.a.m.s.f.DefaultMavenResourcesFiltering - Copying 1 resource from src\main\resources to target\classes
2025-07-18 00:30:35,558 [Worker-25: Building] INFO  o.a.m.s.f.DefaultMavenResourcesFiltering - Copying 0 resource from src\main\resources to target\classes
2025-07-18 00:30:35,560 [Worker-25: Building] INFO  o.a.m.s.f.DefaultMavenResourcesFiltering - skip non existing resourceDirectory D:\iHub\Java-Project\sb-workplace\backend\src\test\resources
2025-07-18 00:30:39,456 [Worker-29: Building] INFO  o.a.m.s.f.DefaultMavenResourcesFiltering - Copying 1 resource from src\main\resources to target\classes
2025-07-18 00:30:39,459 [Worker-29: Building] INFO  o.a.m.s.f.DefaultMavenResourcesFiltering - Copying 0 resource from src\main\resources to target\classes
2025-07-18 00:30:39,461 [Worker-29: Building] INFO  o.a.m.s.f.DefaultMavenResourcesFiltering - skip non existing resourceDirectory D:\iHub\Java-Project\sb-workplace\backend\src\test\resources
2025-07-18 16:41:25,977 [Worker-3: Loading available Gradle versions] INFO  o.e.b.c.i.u.g.PublishedGradleVersions - Gradle version information cache is up-to-date. Trying to read.
2025-07-18 17:00:34,364 [Worker-8: Building] INFO  o.a.m.s.f.DefaultMavenResourcesFiltering - Copying 1 resource from src\main\resources to target\classes
2025-07-18 17:00:34,389 [Worker-8: Building] INFO  o.a.m.s.f.DefaultMavenResourcesFiltering - Copying 0 resource from src\main\resources to target\classes
2025-07-18 17:00:34,398 [Worker-8: Building] INFO  o.a.m.s.f.DefaultMavenResourcesFiltering - skip non existing resourceDirectory D:\iHub\Java-Project\sb-workplace\backend\src\test\resources
2025-07-18 17:03:06,536 [Worker-2: Building] INFO  o.a.m.s.f.DefaultMavenResourcesFiltering - Copying 1 resource from src\main\resources to target\classes
2025-07-18 17:03:06,549 [Worker-2: Building] INFO  o.a.m.s.f.DefaultMavenResourcesFiltering - Copying 0 resource from src\main\resources to target\classes
2025-07-18 17:03:06,554 [Worker-2: Building] INFO  o.a.m.s.f.DefaultMavenResourcesFiltering - skip non existing resourceDirectory D:\iHub\Java-Project\sb-workplace\backend\src\test\resources
2025-07-18 17:07:38,823 [Worker-7: Building] INFO  o.a.m.s.f.DefaultMavenResourcesFiltering - Copying 1 resource from src\main\resources to target\classes
2025-07-18 17:07:38,834 [Worker-7: Building] INFO  o.a.m.s.f.DefaultMavenResourcesFiltering - Copying 0 resource from src\main\resources to target\classes
2025-07-18 17:07:38,838 [Worker-7: Building] INFO  o.a.m.s.f.DefaultMavenResourcesFiltering - skip non existing resourceDirectory D:\iHub\Java-Project\sb-workplace\backend\src\test\resources
2025-07-18 17:10:00,663 [Worker-7: Building] INFO  o.a.m.s.f.DefaultMavenResourcesFiltering - Copying 1 resource from src\main\resources to target\classes
2025-07-18 17:10:00,671 [Worker-7: Building] INFO  o.a.m.s.f.DefaultMavenResourcesFiltering - Copying 0 resource from src\main\resources to target\classes
2025-07-18 17:10:00,675 [Worker-7: Building] INFO  o.a.m.s.f.DefaultMavenResourcesFiltering - skip non existing resourceDirectory D:\iHub\Java-Project\sb-workplace\backend\src\test\resources
2025-07-18 17:12:33,053 [Worker-15: Building] INFO  o.a.m.s.f.DefaultMavenResourcesFiltering - Copying 1 resource from src\main\resources to target\classes
2025-07-18 17:12:33,060 [Worker-15: Building] INFO  o.a.m.s.f.DefaultMavenResourcesFiltering - Copying 0 resource from src\main\resources to target\classes
2025-07-18 17:12:33,063 [Worker-15: Building] INFO  o.a.m.s.f.DefaultMavenResourcesFiltering - skip non existing resourceDirectory D:\iHub\Java-Project\sb-workplace\backend\src\test\resources
2025-07-18 17:41:36,881 [Worker-17: Building] INFO  o.a.m.s.f.DefaultMavenResourcesFiltering - Copying 1 resource from src\main\resources to target\classes
2025-07-18 17:41:36,893 [Worker-17: Building] INFO  o.a.m.s.f.DefaultMavenResourcesFiltering - Copying 0 resource from src\main\resources to target\classes
2025-07-18 17:41:36,897 [Worker-17: Building] INFO  o.a.m.s.f.DefaultMavenResourcesFiltering - skip non existing resourceDirectory D:\iHub\Java-Project\sb-workplace\backend\src\test\resources
2025-07-19 16:09:28,128 [Worker-9: Loading available Gradle versions] INFO  o.e.b.c.i.u.g.PublishedGradleVersions - Gradle version information cache is out-of-date. Trying to update.
2025-07-19 16:12:05,022 [Worker-2: Launching backend - BackendApplication] INFO  o.a.m.s.f.DefaultMavenResourcesFiltering - Copying 1 resource from src\main\resources to target\classes
2025-07-19 16:12:05,050 [Worker-2: Launching backend - BackendApplication] INFO  o.a.m.s.f.DefaultMavenResourcesFiltering - Copying 0 resource from src\main\resources to target\classes
2025-07-19 16:12:05,054 [Worker-2: Launching backend - BackendApplication] INFO  o.a.m.s.f.DefaultMavenResourcesFiltering - skip non existing resourceDirectory D:\iHub\Java-Project\sb-workplace\backend\src\test\resources
2025-07-19 16:18:43,451 [Worker-14: Launching backend - BackendApplication] INFO  o.a.m.s.f.DefaultMavenResourcesFiltering - Copying 1 resource from src\main\resources to target\classes
2025-07-19 16:18:43,461 [Worker-14: Launching backend - BackendApplication] INFO  o.a.m.s.f.DefaultMavenResourcesFiltering - Copying 0 resource from src\main\resources to target\classes
2025-07-19 16:18:43,464 [Worker-14: Launching backend - BackendApplication] INFO  o.a.m.s.f.DefaultMavenResourcesFiltering - skip non existing resourceDirectory D:\iHub\Java-Project\sb-workplace\backend\src\test\resources
2025-07-19 16:23:27,296 [Worker-9: Building] INFO  o.a.m.s.f.DefaultMavenResourcesFiltering - Copying 1 resource from src\main\resources to target\classes
2025-07-19 16:23:27,303 [Worker-9: Building] INFO  o.a.m.s.f.DefaultMavenResourcesFiltering - Copying 0 resource from src\main\resources to target\classes
2025-07-19 16:23:27,308 [Worker-9: Building] INFO  o.a.m.s.f.DefaultMavenResourcesFiltering - skip non existing resourceDirectory D:\iHub\Java-Project\sb-workplace\backend\src\test\resources
2025-07-19 16:28:43,059 [Worker-12: Launching backend - BackendApplication] INFO  o.a.m.s.f.DefaultMavenResourcesFiltering - Copying 1 resource from src\main\resources to target\classes
2025-07-19 16:28:43,065 [Worker-12: Launching backend - BackendApplication] INFO  o.a.m.s.f.DefaultMavenResourcesFiltering - Copying 0 resource from src\main\resources to target\classes
2025-07-19 16:28:43,068 [Worker-12: Launching backend - BackendApplication] INFO  o.a.m.s.f.DefaultMavenResourcesFiltering - skip non existing resourceDirectory D:\iHub\Java-Project\sb-workplace\backend\src\test\resources
2025-07-19 16:34:34,057 [Worker-8: Launching backend - BackendApplication] INFO  o.a.m.s.f.DefaultMavenResourcesFiltering - Copying 1 resource from src\main\resources to target\classes
2025-07-19 16:34:34,064 [Worker-8: Launching backend - BackendApplication] INFO  o.a.m.s.f.DefaultMavenResourcesFiltering - Copying 0 resource from src\main\resources to target\classes
2025-07-19 16:34:34,068 [Worker-8: Launching backend - BackendApplication] INFO  o.a.m.s.f.DefaultMavenResourcesFiltering - skip non existing resourceDirectory D:\iHub\Java-Project\sb-workplace\backend\src\test\resources
2025-07-19 16:45:23,102 [Worker-5: Launching backend - BackendApplication] INFO  o.a.m.s.f.DefaultMavenResourcesFiltering - Copying 1 resource from src\main\resources to target\classes
2025-07-19 16:45:23,107 [Worker-5: Launching backend - BackendApplication] INFO  o.a.m.s.f.DefaultMavenResourcesFiltering - Copying 0 resource from src\main\resources to target\classes
2025-07-19 16:45:23,109 [Worker-5: Launching backend - BackendApplication] INFO  o.a.m.s.f.DefaultMavenResourcesFiltering - skip non existing resourceDirectory D:\iHub\Java-Project\sb-workplace\backend\src\test\resources
2025-07-19 16:47:59,225 [Worker-7: Building] INFO  o.a.m.s.f.DefaultMavenResourcesFiltering - Copying 1 resource from src\main\resources to target\classes
2025-07-19 16:47:59,237 [Worker-7: Building] INFO  o.a.m.s.f.DefaultMavenResourcesFiltering - Copying 0 resource from src\main\resources to target\classes
2025-07-19 16:47:59,242 [Worker-7: Building] INFO  o.a.m.s.f.DefaultMavenResourcesFiltering - skip non existing resourceDirectory D:\iHub\Java-Project\sb-workplace\backend\src\test\resources
2025-07-19 16:54:49,543 [Worker-7: Building] INFO  o.a.m.s.f.DefaultMavenResourcesFiltering - Copying 1 resource from src\main\resources to target\classes
2025-07-19 16:54:49,557 [Worker-7: Building] INFO  o.a.m.s.f.DefaultMavenResourcesFiltering - Copying 0 resource from src\main\resources to target\classes
2025-07-19 16:54:49,560 [Worker-7: Building] INFO  o.a.m.s.f.DefaultMavenResourcesFiltering - skip non existing resourceDirectory D:\iHub\Java-Project\sb-workplace\backend\src\test\resources
2025-07-19 16:54:52,043 [Worker-1: Building] INFO  o.a.m.s.f.DefaultMavenResourcesFiltering - Copying 1 resource from src\main\resources to target\classes
2025-07-19 16:54:52,050 [Worker-1: Building] INFO  o.a.m.s.f.DefaultMavenResourcesFiltering - Copying 0 resource from src\main\resources to target\classes
2025-07-19 16:54:52,054 [Worker-1: Building] INFO  o.a.m.s.f.DefaultMavenResourcesFiltering - skip non existing resourceDirectory D:\iHub\Java-Project\sb-workplace\backend\src\test\resources
2025-07-19 16:55:47,499 [Worker-12: Building] INFO  o.a.m.s.f.DefaultMavenResourcesFiltering - Copying 1 resource from src\main\resources to target\classes
2025-07-19 16:55:47,506 [Worker-12: Building] INFO  o.a.m.s.f.DefaultMavenResourcesFiltering - Copying 0 resource from src\main\resources to target\classes
2025-07-19 16:55:47,511 [Worker-12: Building] INFO  o.a.m.s.f.DefaultMavenResourcesFiltering - skip non existing resourceDirectory D:\iHub\Java-Project\sb-workplace\backend\src\test\resources
2025-07-19 16:55:50,572 [Worker-13: Building] INFO  o.a.m.s.f.DefaultMavenResourcesFiltering - Copying 1 resource from src\main\resources to target\classes
2025-07-19 16:55:50,578 [Worker-13: Building] INFO  o.a.m.s.f.DefaultMavenResourcesFiltering - Copying 0 resource from src\main\resources to target\classes
2025-07-19 16:55:50,581 [Worker-13: Building] INFO  o.a.m.s.f.DefaultMavenResourcesFiltering - skip non existing resourceDirectory D:\iHub\Java-Project\sb-workplace\backend\src\test\resources
2025-07-19 16:56:33,443 [Worker-10: Building] INFO  o.a.m.s.f.DefaultMavenResourcesFiltering - Copying 1 resource from src\main\resources to target\classes
2025-07-19 16:56:33,450 [Worker-10: Building] INFO  o.a.m.s.f.DefaultMavenResourcesFiltering - Copying 0 resource from src\main\resources to target\classes
2025-07-19 16:56:33,456 [Worker-10: Building] INFO  o.a.m.s.f.DefaultMavenResourcesFiltering - skip non existing resourceDirectory D:\iHub\Java-Project\sb-workplace\backend\src\test\resources
2025-07-19 17:00:01,864 [Worker-7: Building] INFO  o.a.m.s.f.DefaultMavenResourcesFiltering - Copying 1 resource from src\main\resources to target\classes
2025-07-19 17:00:01,876 [Worker-7: Building] INFO  o.a.m.s.f.DefaultMavenResourcesFiltering - Copying 0 resource from src\main\resources to target\classes
2025-07-19 17:00:01,880 [Worker-7: Building] INFO  o.a.m.s.f.DefaultMavenResourcesFiltering - skip non existing resourceDirectory D:\iHub\Java-Project\sb-workplace\backend\src\test\resources
2025-07-19 17:00:07,061 [Worker-15: Building] INFO  o.a.m.s.f.DefaultMavenResourcesFiltering - Copying 1 resource from src\main\resources to target\classes
2025-07-19 17:00:07,069 [Worker-15: Building] INFO  o.a.m.s.f.DefaultMavenResourcesFiltering - Copying 0 resource from src\main\resources to target\classes
2025-07-19 17:00:07,072 [Worker-15: Building] INFO  o.a.m.s.f.DefaultMavenResourcesFiltering - skip non existing resourceDirectory D:\iHub\Java-Project\sb-workplace\backend\src\test\resources
2025-07-19 17:00:56,415 [Worker-10: Building] INFO  o.a.m.s.f.DefaultMavenResourcesFiltering - Copying 1 resource from src\main\resources to target\classes
2025-07-19 17:00:56,426 [Worker-10: Building] INFO  o.a.m.s.f.DefaultMavenResourcesFiltering - Copying 0 resource from src\main\resources to target\classes
2025-07-19 17:00:56,430 [Worker-10: Building] INFO  o.a.m.s.f.DefaultMavenResourcesFiltering - skip non existing resourceDirectory D:\iHub\Java-Project\sb-workplace\backend\src\test\resources
2025-07-19 17:01:13,026 [Worker-15: Building] INFO  o.a.m.s.f.DefaultMavenResourcesFiltering - Copying 1 resource from src\main\resources to target\classes
2025-07-19 17:01:13,033 [Worker-15: Building] INFO  o.a.m.s.f.DefaultMavenResourcesFiltering - Copying 0 resource from src\main\resources to target\classes
2025-07-19 17:01:13,036 [Worker-15: Building] INFO  o.a.m.s.f.DefaultMavenResourcesFiltering - skip non existing resourceDirectory D:\iHub\Java-Project\sb-workplace\backend\src\test\resources
2025-07-19 17:09:43,323 [Worker-1: Loading available Gradle versions] INFO  o.e.b.c.i.u.g.PublishedGradleVersions - Gradle version information cache is up-to-date. Trying to read.
2025-07-19 17:10:55,642 [Worker-12: Launching Executing clean in D__iHub_Java-Project_sb-workplace_backend] INFO  o.eclipse.m2e.core.internal.Bundles - getClasspathEntries(Bundle=org.eclipse.m2e.maven.runtime_3.9.900.20250220-2013 [361])
2025-07-19 17:10:55,646 [Worker-12: Launching Executing clean in D__iHub_Java-Project_sb-workplace_backend] INFO  o.eclipse.m2e.core.internal.Bundles - 	Entry: D:\iHub\SpringBoot\SB\sts-4.30.0.RELEASE\plugins\org.eclipse.m2e.maven.runtime_3.9.900.20250220-2013
2025-07-19 17:10:55,646 [Worker-12: Launching Executing clean in D__iHub_Java-Project_sb-workplace_backend] INFO  o.eclipse.m2e.core.internal.Bundles - 	Entry: D:\iHub\SpringBoot\SB\sts-4.30.0.RELEASE\plugins\org.eclipse.m2e.maven.runtime_3.9.900.20250220-2013\jars\aopalliance-1.0.jar
2025-07-19 17:10:55,646 [Worker-12: Launching Executing clean in D__iHub_Java-Project_sb-workplace_backend] INFO  o.eclipse.m2e.core.internal.Bundles - 	Entry: D:\iHub\SpringBoot\SB\sts-4.30.0.RELEASE\plugins\org.eclipse.m2e.maven.runtime_3.9.900.20250220-2013\jars\guice-5.1.0.jar
2025-07-19 17:10:55,646 [Worker-12: Launching Executing clean in D__iHub_Java-Project_sb-workplace_backend] INFO  o.eclipse.m2e.core.internal.Bundles - 	Entry: D:\iHub\SpringBoot\SB\sts-4.30.0.RELEASE\plugins\org.eclipse.m2e.maven.runtime_3.9.900.20250220-2013\jars\httpclient-4.5.14.jar
2025-07-19 17:10:55,646 [Worker-12: Launching Executing clean in D__iHub_Java-Project_sb-workplace_backend] INFO  o.eclipse.m2e.core.internal.Bundles - 	Entry: D:\iHub\SpringBoot\SB\sts-4.30.0.RELEASE\plugins\org.eclipse.m2e.maven.runtime_3.9.900.20250220-2013\jars\httpcore-4.4.16.jar
2025-07-19 17:10:55,646 [Worker-12: Launching Executing clean in D__iHub_Java-Project_sb-workplace_backend] INFO  o.eclipse.m2e.core.internal.Bundles - 	Entry: D:\iHub\SpringBoot\SB\sts-4.30.0.RELEASE\plugins\org.eclipse.m2e.maven.runtime_3.9.900.20250220-2013\jars\jansi-2.4.1.jar
2025-07-19 17:10:55,646 [Worker-12: Launching Executing clean in D__iHub_Java-Project_sb-workplace_backend] INFO  o.eclipse.m2e.core.internal.Bundles - 	Entry: D:\iHub\SpringBoot\SB\sts-4.30.0.RELEASE\plugins\org.eclipse.m2e.maven.runtime_3.9.900.20250220-2013\jars\jcl-over-slf4j-1.7.36.jar
2025-07-19 17:10:55,646 [Worker-12: Launching Executing clean in D__iHub_Java-Project_sb-workplace_backend] INFO  o.eclipse.m2e.core.internal.Bundles - 	Entry: D:\iHub\SpringBoot\SB\sts-4.30.0.RELEASE\plugins\org.eclipse.m2e.maven.runtime_3.9.900.20250220-2013\jars\maven-artifact-3.9.9.jar
2025-07-19 17:10:55,646 [Worker-12: Launching Executing clean in D__iHub_Java-Project_sb-workplace_backend] INFO  o.eclipse.m2e.core.internal.Bundles - 	Entry: D:\iHub\SpringBoot\SB\sts-4.30.0.RELEASE\plugins\org.eclipse.m2e.maven.runtime_3.9.900.20250220-2013\jars\maven-builder-support-3.9.9.jar
2025-07-19 17:10:55,647 [Worker-12: Launching Executing clean in D__iHub_Java-Project_sb-workplace_backend] INFO  o.eclipse.m2e.core.internal.Bundles - 	Entry: D:\iHub\SpringBoot\SB\sts-4.30.0.RELEASE\plugins\org.eclipse.m2e.maven.runtime_3.9.900.20250220-2013\jars\maven-compat-3.9.9.jar
2025-07-19 17:10:55,647 [Worker-12: Launching Executing clean in D__iHub_Java-Project_sb-workplace_backend] INFO  o.eclipse.m2e.core.internal.Bundles - 	Entry: D:\iHub\SpringBoot\SB\sts-4.30.0.RELEASE\plugins\org.eclipse.m2e.maven.runtime_3.9.900.20250220-2013\jars\maven-core-3.9.9.jar
2025-07-19 17:10:55,647 [Worker-12: Launching Executing clean in D__iHub_Java-Project_sb-workplace_backend] INFO  o.eclipse.m2e.core.internal.Bundles - 	Entry: D:\iHub\SpringBoot\SB\sts-4.30.0.RELEASE\plugins\org.eclipse.m2e.maven.runtime_3.9.900.20250220-2013\jars\maven-embedder-3.9.9.jar
2025-07-19 17:10:55,647 [Worker-12: Launching Executing clean in D__iHub_Java-Project_sb-workplace_backend] INFO  o.eclipse.m2e.core.internal.Bundles - 	Entry: D:\iHub\SpringBoot\SB\sts-4.30.0.RELEASE\plugins\org.eclipse.m2e.maven.runtime_3.9.900.20250220-2013\jars\maven-model-3.9.9.jar
2025-07-19 17:10:55,647 [Worker-12: Launching Executing clean in D__iHub_Java-Project_sb-workplace_backend] INFO  o.eclipse.m2e.core.internal.Bundles - 	Entry: D:\iHub\SpringBoot\SB\sts-4.30.0.RELEASE\plugins\org.eclipse.m2e.maven.runtime_3.9.900.20250220-2013\jars\maven-model-builder-3.9.9.jar
2025-07-19 17:10:55,647 [Worker-12: Launching Executing clean in D__iHub_Java-Project_sb-workplace_backend] INFO  o.eclipse.m2e.core.internal.Bundles - 	Entry: D:\iHub\SpringBoot\SB\sts-4.30.0.RELEASE\plugins\org.eclipse.m2e.maven.runtime_3.9.900.20250220-2013\jars\maven-plugin-api-3.9.9.jar
2025-07-19 17:10:55,647 [Worker-12: Launching Executing clean in D__iHub_Java-Project_sb-workplace_backend] INFO  o.eclipse.m2e.core.internal.Bundles - 	Entry: D:\iHub\SpringBoot\SB\sts-4.30.0.RELEASE\plugins\org.eclipse.m2e.maven.runtime_3.9.900.20250220-2013\jars\maven-repository-metadata-3.9.9.jar
2025-07-19 17:10:55,647 [Worker-12: Launching Executing clean in D__iHub_Java-Project_sb-workplace_backend] INFO  o.eclipse.m2e.core.internal.Bundles - 	Entry: D:\iHub\SpringBoot\SB\sts-4.30.0.RELEASE\plugins\org.eclipse.m2e.maven.runtime_3.9.900.20250220-2013\jars\maven-resolver-api-1.9.22.jar
2025-07-19 17:10:55,647 [Worker-12: Launching Executing clean in D__iHub_Java-Project_sb-workplace_backend] INFO  o.eclipse.m2e.core.internal.Bundles - 	Entry: D:\iHub\SpringBoot\SB\sts-4.30.0.RELEASE\plugins\org.eclipse.m2e.maven.runtime_3.9.900.20250220-2013\jars\maven-resolver-connector-basic-1.9.22.jar
2025-07-19 17:10:55,647 [Worker-12: Launching Executing clean in D__iHub_Java-Project_sb-workplace_backend] INFO  o.eclipse.m2e.core.internal.Bundles - 	Entry: D:\iHub\SpringBoot\SB\sts-4.30.0.RELEASE\plugins\org.eclipse.m2e.maven.runtime_3.9.900.20250220-2013\jars\maven-resolver-impl-1.9.22.jar
2025-07-19 17:10:55,647 [Worker-12: Launching Executing clean in D__iHub_Java-Project_sb-workplace_backend] INFO  o.eclipse.m2e.core.internal.Bundles - 	Entry: D:\iHub\SpringBoot\SB\sts-4.30.0.RELEASE\plugins\org.eclipse.m2e.maven.runtime_3.9.900.20250220-2013\jars\maven-resolver-named-locks-1.9.22.jar
2025-07-19 17:10:55,647 [Worker-12: Launching Executing clean in D__iHub_Java-Project_sb-workplace_backend] INFO  o.eclipse.m2e.core.internal.Bundles - 	Entry: D:\iHub\SpringBoot\SB\sts-4.30.0.RELEASE\plugins\org.eclipse.m2e.maven.runtime_3.9.900.20250220-2013\jars\maven-resolver-provider-3.9.9.jar
2025-07-19 17:10:55,647 [Worker-12: Launching Executing clean in D__iHub_Java-Project_sb-workplace_backend] INFO  o.eclipse.m2e.core.internal.Bundles - 	Entry: D:\iHub\SpringBoot\SB\sts-4.30.0.RELEASE\plugins\org.eclipse.m2e.maven.runtime_3.9.900.20250220-2013\jars\maven-resolver-spi-1.9.22.jar
2025-07-19 17:10:55,648 [Worker-12: Launching Executing clean in D__iHub_Java-Project_sb-workplace_backend] INFO  o.eclipse.m2e.core.internal.Bundles - 	Entry: D:\iHub\SpringBoot\SB\sts-4.30.0.RELEASE\plugins\org.eclipse.m2e.maven.runtime_3.9.900.20250220-2013\jars\maven-resolver-transport-file-1.9.22.jar
2025-07-19 17:10:55,648 [Worker-12: Launching Executing clean in D__iHub_Java-Project_sb-workplace_backend] INFO  o.eclipse.m2e.core.internal.Bundles - 	Entry: D:\iHub\SpringBoot\SB\sts-4.30.0.RELEASE\plugins\org.eclipse.m2e.maven.runtime_3.9.900.20250220-2013\jars\maven-resolver-transport-http-1.9.22.jar
2025-07-19 17:10:55,648 [Worker-12: Launching Executing clean in D__iHub_Java-Project_sb-workplace_backend] INFO  o.eclipse.m2e.core.internal.Bundles - 	Entry: D:\iHub\SpringBoot\SB\sts-4.30.0.RELEASE\plugins\org.eclipse.m2e.maven.runtime_3.9.900.20250220-2013\jars\maven-resolver-transport-wagon-1.9.22.jar
2025-07-19 17:10:55,648 [Worker-12: Launching Executing clean in D__iHub_Java-Project_sb-workplace_backend] INFO  o.eclipse.m2e.core.internal.Bundles - 	Entry: D:\iHub\SpringBoot\SB\sts-4.30.0.RELEASE\plugins\org.eclipse.m2e.maven.runtime_3.9.900.20250220-2013\jars\maven-resolver-util-1.9.22.jar
2025-07-19 17:10:55,648 [Worker-12: Launching Executing clean in D__iHub_Java-Project_sb-workplace_backend] INFO  o.eclipse.m2e.core.internal.Bundles - 	Entry: D:\iHub\SpringBoot\SB\sts-4.30.0.RELEASE\plugins\org.eclipse.m2e.maven.runtime_3.9.900.20250220-2013\jars\maven-settings-3.9.9.jar
2025-07-19 17:10:55,648 [Worker-12: Launching Executing clean in D__iHub_Java-Project_sb-workplace_backend] INFO  o.eclipse.m2e.core.internal.Bundles - 	Entry: D:\iHub\SpringBoot\SB\sts-4.30.0.RELEASE\plugins\org.eclipse.m2e.maven.runtime_3.9.900.20250220-2013\jars\maven-settings-builder-3.9.9.jar
2025-07-19 17:10:55,648 [Worker-12: Launching Executing clean in D__iHub_Java-Project_sb-workplace_backend] INFO  o.eclipse.m2e.core.internal.Bundles - 	Entry: D:\iHub\SpringBoot\SB\sts-4.30.0.RELEASE\plugins\org.eclipse.m2e.maven.runtime_3.9.900.20250220-2013\jars\maven-shared-utils-3.4.2.jar
2025-07-19 17:10:55,648 [Worker-12: Launching Executing clean in D__iHub_Java-Project_sb-workplace_backend] INFO  o.eclipse.m2e.core.internal.Bundles - 	Entry: D:\iHub\SpringBoot\SB\sts-4.30.0.RELEASE\plugins\org.eclipse.m2e.maven.runtime_3.9.900.20250220-2013\jars\org.eclipse.sisu.inject-0.9.0.M3.jar
2025-07-19 17:10:55,648 [Worker-12: Launching Executing clean in D__iHub_Java-Project_sb-workplace_backend] INFO  o.eclipse.m2e.core.internal.Bundles - 	Entry: D:\iHub\SpringBoot\SB\sts-4.30.0.RELEASE\plugins\org.eclipse.m2e.maven.runtime_3.9.900.20250220-2013\jars\org.eclipse.sisu.plexus-0.9.0.M3.jar
2025-07-19 17:10:55,648 [Worker-12: Launching Executing clean in D__iHub_Java-Project_sb-workplace_backend] INFO  o.eclipse.m2e.core.internal.Bundles - 	Entry: D:\iHub\SpringBoot\SB\sts-4.30.0.RELEASE\plugins\org.eclipse.m2e.maven.runtime_3.9.900.20250220-2013\jars\plexus-build-api-0.0.7.jar
2025-07-19 17:10:55,648 [Worker-12: Launching Executing clean in D__iHub_Java-Project_sb-workplace_backend] INFO  o.eclipse.m2e.core.internal.Bundles - 	Entry: D:\iHub\SpringBoot\SB\sts-4.30.0.RELEASE\plugins\org.eclipse.m2e.maven.runtime_3.9.900.20250220-2013\jars\plexus-build-api-1.2.0.jar
2025-07-19 17:10:55,648 [Worker-12: Launching Executing clean in D__iHub_Java-Project_sb-workplace_backend] INFO  o.eclipse.m2e.core.internal.Bundles - 	Entry: D:\iHub\SpringBoot\SB\sts-4.30.0.RELEASE\plugins\org.eclipse.m2e.maven.runtime_3.9.900.20250220-2013\jars\plexus-cipher-2.0.jar
2025-07-19 17:10:55,648 [Worker-12: Launching Executing clean in D__iHub_Java-Project_sb-workplace_backend] INFO  o.eclipse.m2e.core.internal.Bundles - 	Entry: D:\iHub\SpringBoot\SB\sts-4.30.0.RELEASE\plugins\org.eclipse.m2e.maven.runtime_3.9.900.20250220-2013\jars\plexus-classworlds-2.8.0.jar
2025-07-19 17:10:55,648 [Worker-12: Launching Executing clean in D__iHub_Java-Project_sb-workplace_backend] INFO  o.eclipse.m2e.core.internal.Bundles - 	Entry: D:\iHub\SpringBoot\SB\sts-4.30.0.RELEASE\plugins\org.eclipse.m2e.maven.runtime_3.9.900.20250220-2013\jars\plexus-component-annotations-2.1.0.jar
2025-07-19 17:10:55,648 [Worker-12: Launching Executing clean in D__iHub_Java-Project_sb-workplace_backend] INFO  o.eclipse.m2e.core.internal.Bundles - 	Entry: D:\iHub\SpringBoot\SB\sts-4.30.0.RELEASE\plugins\org.eclipse.m2e.maven.runtime_3.9.900.20250220-2013\jars\plexus-interpolation-1.27.jar
2025-07-19 17:10:55,648 [Worker-12: Launching Executing clean in D__iHub_Java-Project_sb-workplace_backend] INFO  o.eclipse.m2e.core.internal.Bundles - 	Entry: D:\iHub\SpringBoot\SB\sts-4.30.0.RELEASE\plugins\org.eclipse.m2e.maven.runtime_3.9.900.20250220-2013\jars\plexus-sec-dispatcher-2.0.jar
2025-07-19 17:10:55,648 [Worker-12: Launching Executing clean in D__iHub_Java-Project_sb-workplace_backend] INFO  o.eclipse.m2e.core.internal.Bundles - 	Entry: D:\iHub\SpringBoot\SB\sts-4.30.0.RELEASE\plugins\org.eclipse.m2e.maven.runtime_3.9.900.20250220-2013\jars\plexus-utils-3.5.1.jar
2025-07-19 17:10:55,649 [Worker-12: Launching Executing clean in D__iHub_Java-Project_sb-workplace_backend] INFO  o.eclipse.m2e.core.internal.Bundles - 	Entry: D:\iHub\SpringBoot\SB\sts-4.30.0.RELEASE\plugins\org.eclipse.m2e.maven.runtime_3.9.900.20250220-2013\jars\plexus-xml-3.0.1.jar
2025-07-19 17:10:55,649 [Worker-12: Launching Executing clean in D__iHub_Java-Project_sb-workplace_backend] INFO  o.eclipse.m2e.core.internal.Bundles - 	Entry: D:\iHub\SpringBoot\SB\sts-4.30.0.RELEASE\plugins\org.eclipse.m2e.maven.runtime_3.9.900.20250220-2013\jars\wagon-file-3.5.3.jar
2025-07-19 17:10:55,649 [Worker-12: Launching Executing clean in D__iHub_Java-Project_sb-workplace_backend] INFO  o.eclipse.m2e.core.internal.Bundles - 	Entry: D:\iHub\SpringBoot\SB\sts-4.30.0.RELEASE\plugins\org.eclipse.m2e.maven.runtime_3.9.900.20250220-2013\jars\wagon-http-3.5.3.jar
2025-07-19 17:10:55,649 [Worker-12: Launching Executing clean in D__iHub_Java-Project_sb-workplace_backend] INFO  o.eclipse.m2e.core.internal.Bundles - 	Entry: D:\iHub\SpringBoot\SB\sts-4.30.0.RELEASE\plugins\org.eclipse.m2e.maven.runtime_3.9.900.20250220-2013\jars\wagon-http-shared-3.5.3.jar
2025-07-19 17:10:55,649 [Worker-12: Launching Executing clean in D__iHub_Java-Project_sb-workplace_backend] INFO  o.eclipse.m2e.core.internal.Bundles - 	Entry: D:\iHub\SpringBoot\SB\sts-4.30.0.RELEASE\plugins\org.eclipse.m2e.maven.runtime_3.9.900.20250220-2013\jars\wagon-provider-api-3.5.3.jar
2025-07-19 17:10:55,651 [Worker-12: Launching Executing clean in D__iHub_Java-Project_sb-workplace_backend] INFO  o.eclipse.m2e.core.internal.Bundles - getClasspathEntries(Bundle=com.google.guava_33.4.0.jre [29])
2025-07-19 17:10:55,651 [Worker-12: Launching Executing clean in D__iHub_Java-Project_sb-workplace_backend] INFO  o.eclipse.m2e.core.internal.Bundles - 	Entry: D:\iHub\SpringBoot\SB\sts-4.30.0.RELEASE\plugins\com.google.guava_33.4.0.jre.jar
2025-07-19 17:10:55,651 [Worker-12: Launching Executing clean in D__iHub_Java-Project_sb-workplace_backend] INFO  o.eclipse.m2e.core.internal.Bundles - getClasspathEntries(Bundle=slf4j.api_2.0.17 [608])
2025-07-19 17:10:55,651 [Worker-12: Launching Executing clean in D__iHub_Java-Project_sb-workplace_backend] INFO  o.eclipse.m2e.core.internal.Bundles - 	Entry: D:\iHub\SpringBoot\SB\sts-4.30.0.RELEASE\plugins\slf4j.api_2.0.17.jar
2025-07-19 17:10:55,651 [Worker-12: Launching Executing clean in D__iHub_Java-Project_sb-workplace_backend] INFO  o.eclipse.m2e.core.internal.Bundles - getClasspathEntries(Bundle=jakarta.inject.jakarta.inject-api_1.0.5 [45])
2025-07-19 17:10:55,652 [Worker-12: Launching Executing clean in D__iHub_Java-Project_sb-workplace_backend] INFO  o.eclipse.m2e.core.internal.Bundles - 	Entry: D:\iHub\SpringBoot\SB\sts-4.30.0.RELEASE\plugins\jakarta.inject.jakarta.inject-api_1.0.5.jar
2025-07-19 17:10:55,652 [Worker-12: Launching Executing clean in D__iHub_Java-Project_sb-workplace_backend] INFO  o.eclipse.m2e.core.internal.Bundles - getClasspathEntries(Bundle=jakarta.annotation-api_1.3.5 [41])
2025-07-19 17:10:55,652 [Worker-12: Launching Executing clean in D__iHub_Java-Project_sb-workplace_backend] INFO  o.eclipse.m2e.core.internal.Bundles - 	Entry: D:\iHub\SpringBoot\SB\sts-4.30.0.RELEASE\plugins\jakarta.annotation-api_1.3.5.jar
2025-07-19 17:10:55,652 [Worker-12: Launching Executing clean in D__iHub_Java-Project_sb-workplace_backend] INFO  o.eclipse.m2e.core.internal.Bundles - getClasspathEntries(Bundle=org.apache.commons.cli_1.9.0 [77])
2025-07-19 17:10:55,652 [Worker-12: Launching Executing clean in D__iHub_Java-Project_sb-workplace_backend] INFO  o.eclipse.m2e.core.internal.Bundles - 	Entry: D:\iHub\SpringBoot\SB\sts-4.30.0.RELEASE\plugins\org.apache.commons.cli_1.9.0.jar
2025-07-19 17:10:55,652 [Worker-12: Launching Executing clean in D__iHub_Java-Project_sb-workplace_backend] INFO  o.eclipse.m2e.core.internal.Bundles - getClasspathEntries(Bundle=org.apache.commons.commons-codec_1.16.0 [79])
2025-07-19 17:10:55,652 [Worker-12: Launching Executing clean in D__iHub_Java-Project_sb-workplace_backend] INFO  o.eclipse.m2e.core.internal.Bundles - 	Entry: D:\iHub\SpringBoot\SB\sts-4.30.0.RELEASE\plugins\org.apache.commons.commons-codec_1.16.0.jar
2025-07-19 17:10:55,652 [Worker-12: Launching Executing clean in D__iHub_Java-Project_sb-workplace_backend] INFO  o.eclipse.m2e.core.internal.Bundles - getClasspathEntries(Bundle=com.google.guava.failureaccess_1.0.2 [30])
2025-07-19 17:10:55,653 [Worker-12: Launching Executing clean in D__iHub_Java-Project_sb-workplace_backend] INFO  o.eclipse.m2e.core.internal.Bundles - 	Entry: D:\iHub\SpringBoot\SB\sts-4.30.0.RELEASE\plugins\com.google.guava.failureaccess_1.0.2.jar
2025-07-19 17:10:55,658 [Worker-12: Launching Executing clean in D__iHub_Java-Project_sb-workplace_backend] INFO  o.e.m.i.launch.MavenLaunchDelegate - Run build in "D:\iHub\Java-Project\sb-workplace\backend":
2025-07-19 17:10:55,660 [Worker-12: Launching Executing clean in D__iHub_Java-Project_sb-workplace_backend] INFO  o.e.m.i.launch.MavenLaunchDelegate -  mvn  -Ppom.xml -B -Dstyle.color=always clean
2025-07-19 17:10:59,294 [Worker-10: Building] INFO  o.a.m.s.f.DefaultMavenResourcesFiltering - Copying 1 resource from src\main\resources to target\classes
2025-07-19 17:10:59,310 [Worker-10: Building] INFO  o.a.m.s.f.DefaultMavenResourcesFiltering - Copying 0 resource from src\main\resources to target\classes
2025-07-19 17:10:59,315 [Worker-10: Building] INFO  o.a.m.s.f.DefaultMavenResourcesFiltering - skip non existing resourceDirectory D:\iHub\Java-Project\sb-workplace\backend\src\test\resources
2025-07-19 17:11:14,519 [Worker-6: Launching Executing install in D__iHub_Java-Project_sb-workplace_backend] INFO  o.eclipse.m2e.core.internal.Bundles - getClasspathEntries(Bundle=org.eclipse.m2e.maven.runtime_3.9.900.20250220-2013 [361])
2025-07-19 17:11:14,520 [Worker-6: Launching Executing install in D__iHub_Java-Project_sb-workplace_backend] INFO  o.eclipse.m2e.core.internal.Bundles - 	Entry: D:\iHub\SpringBoot\SB\sts-4.30.0.RELEASE\plugins\org.eclipse.m2e.maven.runtime_3.9.900.20250220-2013
2025-07-19 17:11:14,520 [Worker-6: Launching Executing install in D__iHub_Java-Project_sb-workplace_backend] INFO  o.eclipse.m2e.core.internal.Bundles - 	Entry: D:\iHub\SpringBoot\SB\sts-4.30.0.RELEASE\plugins\org.eclipse.m2e.maven.runtime_3.9.900.20250220-2013\jars\aopalliance-1.0.jar
2025-07-19 17:11:14,520 [Worker-6: Launching Executing install in D__iHub_Java-Project_sb-workplace_backend] INFO  o.eclipse.m2e.core.internal.Bundles - 	Entry: D:\iHub\SpringBoot\SB\sts-4.30.0.RELEASE\plugins\org.eclipse.m2e.maven.runtime_3.9.900.20250220-2013\jars\guice-5.1.0.jar
2025-07-19 17:11:14,520 [Worker-6: Launching Executing install in D__iHub_Java-Project_sb-workplace_backend] INFO  o.eclipse.m2e.core.internal.Bundles - 	Entry: D:\iHub\SpringBoot\SB\sts-4.30.0.RELEASE\plugins\org.eclipse.m2e.maven.runtime_3.9.900.20250220-2013\jars\httpclient-4.5.14.jar
2025-07-19 17:11:14,520 [Worker-6: Launching Executing install in D__iHub_Java-Project_sb-workplace_backend] INFO  o.eclipse.m2e.core.internal.Bundles - 	Entry: D:\iHub\SpringBoot\SB\sts-4.30.0.RELEASE\plugins\org.eclipse.m2e.maven.runtime_3.9.900.20250220-2013\jars\httpcore-4.4.16.jar
2025-07-19 17:11:14,520 [Worker-6: Launching Executing install in D__iHub_Java-Project_sb-workplace_backend] INFO  o.eclipse.m2e.core.internal.Bundles - 	Entry: D:\iHub\SpringBoot\SB\sts-4.30.0.RELEASE\plugins\org.eclipse.m2e.maven.runtime_3.9.900.20250220-2013\jars\jansi-2.4.1.jar
2025-07-19 17:11:14,520 [Worker-6: Launching Executing install in D__iHub_Java-Project_sb-workplace_backend] INFO  o.eclipse.m2e.core.internal.Bundles - 	Entry: D:\iHub\SpringBoot\SB\sts-4.30.0.RELEASE\plugins\org.eclipse.m2e.maven.runtime_3.9.900.20250220-2013\jars\jcl-over-slf4j-1.7.36.jar
2025-07-19 17:11:14,520 [Worker-6: Launching Executing install in D__iHub_Java-Project_sb-workplace_backend] INFO  o.eclipse.m2e.core.internal.Bundles - 	Entry: D:\iHub\SpringBoot\SB\sts-4.30.0.RELEASE\plugins\org.eclipse.m2e.maven.runtime_3.9.900.20250220-2013\jars\maven-artifact-3.9.9.jar
2025-07-19 17:11:14,520 [Worker-6: Launching Executing install in D__iHub_Java-Project_sb-workplace_backend] INFO  o.eclipse.m2e.core.internal.Bundles - 	Entry: D:\iHub\SpringBoot\SB\sts-4.30.0.RELEASE\plugins\org.eclipse.m2e.maven.runtime_3.9.900.20250220-2013\jars\maven-builder-support-3.9.9.jar
2025-07-19 17:11:14,520 [Worker-6: Launching Executing install in D__iHub_Java-Project_sb-workplace_backend] INFO  o.eclipse.m2e.core.internal.Bundles - 	Entry: D:\iHub\SpringBoot\SB\sts-4.30.0.RELEASE\plugins\org.eclipse.m2e.maven.runtime_3.9.900.20250220-2013\jars\maven-compat-3.9.9.jar
2025-07-19 17:11:14,520 [Worker-6: Launching Executing install in D__iHub_Java-Project_sb-workplace_backend] INFO  o.eclipse.m2e.core.internal.Bundles - 	Entry: D:\iHub\SpringBoot\SB\sts-4.30.0.RELEASE\plugins\org.eclipse.m2e.maven.runtime_3.9.900.20250220-2013\jars\maven-core-3.9.9.jar
2025-07-19 17:11:14,520 [Worker-6: Launching Executing install in D__iHub_Java-Project_sb-workplace_backend] INFO  o.eclipse.m2e.core.internal.Bundles - 	Entry: D:\iHub\SpringBoot\SB\sts-4.30.0.RELEASE\plugins\org.eclipse.m2e.maven.runtime_3.9.900.20250220-2013\jars\maven-embedder-3.9.9.jar
2025-07-19 17:11:14,520 [Worker-6: Launching Executing install in D__iHub_Java-Project_sb-workplace_backend] INFO  o.eclipse.m2e.core.internal.Bundles - 	Entry: D:\iHub\SpringBoot\SB\sts-4.30.0.RELEASE\plugins\org.eclipse.m2e.maven.runtime_3.9.900.20250220-2013\jars\maven-model-3.9.9.jar
2025-07-19 17:11:14,520 [Worker-6: Launching Executing install in D__iHub_Java-Project_sb-workplace_backend] INFO  o.eclipse.m2e.core.internal.Bundles - 	Entry: D:\iHub\SpringBoot\SB\sts-4.30.0.RELEASE\plugins\org.eclipse.m2e.maven.runtime_3.9.900.20250220-2013\jars\maven-model-builder-3.9.9.jar
2025-07-19 17:11:14,520 [Worker-6: Launching Executing install in D__iHub_Java-Project_sb-workplace_backend] INFO  o.eclipse.m2e.core.internal.Bundles - 	Entry: D:\iHub\SpringBoot\SB\sts-4.30.0.RELEASE\plugins\org.eclipse.m2e.maven.runtime_3.9.900.20250220-2013\jars\maven-plugin-api-3.9.9.jar
2025-07-19 17:11:14,520 [Worker-6: Launching Executing install in D__iHub_Java-Project_sb-workplace_backend] INFO  o.eclipse.m2e.core.internal.Bundles - 	Entry: D:\iHub\SpringBoot\SB\sts-4.30.0.RELEASE\plugins\org.eclipse.m2e.maven.runtime_3.9.900.20250220-2013\jars\maven-repository-metadata-3.9.9.jar
2025-07-19 17:11:14,520 [Worker-6: Launching Executing install in D__iHub_Java-Project_sb-workplace_backend] INFO  o.eclipse.m2e.core.internal.Bundles - 	Entry: D:\iHub\SpringBoot\SB\sts-4.30.0.RELEASE\plugins\org.eclipse.m2e.maven.runtime_3.9.900.20250220-2013\jars\maven-resolver-api-1.9.22.jar
2025-07-19 17:11:14,520 [Worker-6: Launching Executing install in D__iHub_Java-Project_sb-workplace_backend] INFO  o.eclipse.m2e.core.internal.Bundles - 	Entry: D:\iHub\SpringBoot\SB\sts-4.30.0.RELEASE\plugins\org.eclipse.m2e.maven.runtime_3.9.900.20250220-2013\jars\maven-resolver-connector-basic-1.9.22.jar
2025-07-19 17:11:14,520 [Worker-6: Launching Executing install in D__iHub_Java-Project_sb-workplace_backend] INFO  o.eclipse.m2e.core.internal.Bundles - 	Entry: D:\iHub\SpringBoot\SB\sts-4.30.0.RELEASE\plugins\org.eclipse.m2e.maven.runtime_3.9.900.20250220-2013\jars\maven-resolver-impl-1.9.22.jar
2025-07-19 17:11:14,520 [Worker-6: Launching Executing install in D__iHub_Java-Project_sb-workplace_backend] INFO  o.eclipse.m2e.core.internal.Bundles - 	Entry: D:\iHub\SpringBoot\SB\sts-4.30.0.RELEASE\plugins\org.eclipse.m2e.maven.runtime_3.9.900.20250220-2013\jars\maven-resolver-named-locks-1.9.22.jar
2025-07-19 17:11:14,521 [Worker-6: Launching Executing install in D__iHub_Java-Project_sb-workplace_backend] INFO  o.eclipse.m2e.core.internal.Bundles - 	Entry: D:\iHub\SpringBoot\SB\sts-4.30.0.RELEASE\plugins\org.eclipse.m2e.maven.runtime_3.9.900.20250220-2013\jars\maven-resolver-provider-3.9.9.jar
2025-07-19 17:11:14,521 [Worker-6: Launching Executing install in D__iHub_Java-Project_sb-workplace_backend] INFO  o.eclipse.m2e.core.internal.Bundles - 	Entry: D:\iHub\SpringBoot\SB\sts-4.30.0.RELEASE\plugins\org.eclipse.m2e.maven.runtime_3.9.900.20250220-2013\jars\maven-resolver-spi-1.9.22.jar
2025-07-19 17:11:14,521 [Worker-6: Launching Executing install in D__iHub_Java-Project_sb-workplace_backend] INFO  o.eclipse.m2e.core.internal.Bundles - 	Entry: D:\iHub\SpringBoot\SB\sts-4.30.0.RELEASE\plugins\org.eclipse.m2e.maven.runtime_3.9.900.20250220-2013\jars\maven-resolver-transport-file-1.9.22.jar
2025-07-19 17:11:14,521 [Worker-6: Launching Executing install in D__iHub_Java-Project_sb-workplace_backend] INFO  o.eclipse.m2e.core.internal.Bundles - 	Entry: D:\iHub\SpringBoot\SB\sts-4.30.0.RELEASE\plugins\org.eclipse.m2e.maven.runtime_3.9.900.20250220-2013\jars\maven-resolver-transport-http-1.9.22.jar
2025-07-19 17:11:14,521 [Worker-6: Launching Executing install in D__iHub_Java-Project_sb-workplace_backend] INFO  o.eclipse.m2e.core.internal.Bundles - 	Entry: D:\iHub\SpringBoot\SB\sts-4.30.0.RELEASE\plugins\org.eclipse.m2e.maven.runtime_3.9.900.20250220-2013\jars\maven-resolver-transport-wagon-1.9.22.jar
2025-07-19 17:11:14,521 [Worker-6: Launching Executing install in D__iHub_Java-Project_sb-workplace_backend] INFO  o.eclipse.m2e.core.internal.Bundles - 	Entry: D:\iHub\SpringBoot\SB\sts-4.30.0.RELEASE\plugins\org.eclipse.m2e.maven.runtime_3.9.900.20250220-2013\jars\maven-resolver-util-1.9.22.jar
2025-07-19 17:11:14,521 [Worker-6: Launching Executing install in D__iHub_Java-Project_sb-workplace_backend] INFO  o.eclipse.m2e.core.internal.Bundles - 	Entry: D:\iHub\SpringBoot\SB\sts-4.30.0.RELEASE\plugins\org.eclipse.m2e.maven.runtime_3.9.900.20250220-2013\jars\maven-settings-3.9.9.jar
2025-07-19 17:11:14,521 [Worker-6: Launching Executing install in D__iHub_Java-Project_sb-workplace_backend] INFO  o.eclipse.m2e.core.internal.Bundles - 	Entry: D:\iHub\SpringBoot\SB\sts-4.30.0.RELEASE\plugins\org.eclipse.m2e.maven.runtime_3.9.900.20250220-2013\jars\maven-settings-builder-3.9.9.jar
2025-07-19 17:11:14,521 [Worker-6: Launching Executing install in D__iHub_Java-Project_sb-workplace_backend] INFO  o.eclipse.m2e.core.internal.Bundles - 	Entry: D:\iHub\SpringBoot\SB\sts-4.30.0.RELEASE\plugins\org.eclipse.m2e.maven.runtime_3.9.900.20250220-2013\jars\maven-shared-utils-3.4.2.jar
2025-07-19 17:11:14,521 [Worker-6: Launching Executing install in D__iHub_Java-Project_sb-workplace_backend] INFO  o.eclipse.m2e.core.internal.Bundles - 	Entry: D:\iHub\SpringBoot\SB\sts-4.30.0.RELEASE\plugins\org.eclipse.m2e.maven.runtime_3.9.900.20250220-2013\jars\org.eclipse.sisu.inject-0.9.0.M3.jar
2025-07-19 17:11:14,521 [Worker-6: Launching Executing install in D__iHub_Java-Project_sb-workplace_backend] INFO  o.eclipse.m2e.core.internal.Bundles - 	Entry: D:\iHub\SpringBoot\SB\sts-4.30.0.RELEASE\plugins\org.eclipse.m2e.maven.runtime_3.9.900.20250220-2013\jars\org.eclipse.sisu.plexus-0.9.0.M3.jar
2025-07-19 17:11:14,521 [Worker-6: Launching Executing install in D__iHub_Java-Project_sb-workplace_backend] INFO  o.eclipse.m2e.core.internal.Bundles - 	Entry: D:\iHub\SpringBoot\SB\sts-4.30.0.RELEASE\plugins\org.eclipse.m2e.maven.runtime_3.9.900.20250220-2013\jars\plexus-build-api-0.0.7.jar
2025-07-19 17:11:14,521 [Worker-6: Launching Executing install in D__iHub_Java-Project_sb-workplace_backend] INFO  o.eclipse.m2e.core.internal.Bundles - 	Entry: D:\iHub\SpringBoot\SB\sts-4.30.0.RELEASE\plugins\org.eclipse.m2e.maven.runtime_3.9.900.20250220-2013\jars\plexus-build-api-1.2.0.jar
2025-07-19 17:11:14,521 [Worker-6: Launching Executing install in D__iHub_Java-Project_sb-workplace_backend] INFO  o.eclipse.m2e.core.internal.Bundles - 	Entry: D:\iHub\SpringBoot\SB\sts-4.30.0.RELEASE\plugins\org.eclipse.m2e.maven.runtime_3.9.900.20250220-2013\jars\plexus-cipher-2.0.jar
2025-07-19 17:11:14,521 [Worker-6: Launching Executing install in D__iHub_Java-Project_sb-workplace_backend] INFO  o.eclipse.m2e.core.internal.Bundles - 	Entry: D:\iHub\SpringBoot\SB\sts-4.30.0.RELEASE\plugins\org.eclipse.m2e.maven.runtime_3.9.900.20250220-2013\jars\plexus-classworlds-2.8.0.jar
2025-07-19 17:11:14,521 [Worker-6: Launching Executing install in D__iHub_Java-Project_sb-workplace_backend] INFO  o.eclipse.m2e.core.internal.Bundles - 	Entry: D:\iHub\SpringBoot\SB\sts-4.30.0.RELEASE\plugins\org.eclipse.m2e.maven.runtime_3.9.900.20250220-2013\jars\plexus-component-annotations-2.1.0.jar
2025-07-19 17:11:14,521 [Worker-6: Launching Executing install in D__iHub_Java-Project_sb-workplace_backend] INFO  o.eclipse.m2e.core.internal.Bundles - 	Entry: D:\iHub\SpringBoot\SB\sts-4.30.0.RELEASE\plugins\org.eclipse.m2e.maven.runtime_3.9.900.20250220-2013\jars\plexus-interpolation-1.27.jar
2025-07-19 17:11:14,521 [Worker-6: Launching Executing install in D__iHub_Java-Project_sb-workplace_backend] INFO  o.eclipse.m2e.core.internal.Bundles - 	Entry: D:\iHub\SpringBoot\SB\sts-4.30.0.RELEASE\plugins\org.eclipse.m2e.maven.runtime_3.9.900.20250220-2013\jars\plexus-sec-dispatcher-2.0.jar
2025-07-19 17:11:14,521 [Worker-6: Launching Executing install in D__iHub_Java-Project_sb-workplace_backend] INFO  o.eclipse.m2e.core.internal.Bundles - 	Entry: D:\iHub\SpringBoot\SB\sts-4.30.0.RELEASE\plugins\org.eclipse.m2e.maven.runtime_3.9.900.20250220-2013\jars\plexus-utils-3.5.1.jar
2025-07-19 17:11:14,521 [Worker-6: Launching Executing install in D__iHub_Java-Project_sb-workplace_backend] INFO  o.eclipse.m2e.core.internal.Bundles - 	Entry: D:\iHub\SpringBoot\SB\sts-4.30.0.RELEASE\plugins\org.eclipse.m2e.maven.runtime_3.9.900.20250220-2013\jars\plexus-xml-3.0.1.jar
2025-07-19 17:11:14,521 [Worker-6: Launching Executing install in D__iHub_Java-Project_sb-workplace_backend] INFO  o.eclipse.m2e.core.internal.Bundles - 	Entry: D:\iHub\SpringBoot\SB\sts-4.30.0.RELEASE\plugins\org.eclipse.m2e.maven.runtime_3.9.900.20250220-2013\jars\wagon-file-3.5.3.jar
2025-07-19 17:11:14,521 [Worker-6: Launching Executing install in D__iHub_Java-Project_sb-workplace_backend] INFO  o.eclipse.m2e.core.internal.Bundles - 	Entry: D:\iHub\SpringBoot\SB\sts-4.30.0.RELEASE\plugins\org.eclipse.m2e.maven.runtime_3.9.900.20250220-2013\jars\wagon-http-3.5.3.jar
2025-07-19 17:11:14,521 [Worker-6: Launching Executing install in D__iHub_Java-Project_sb-workplace_backend] INFO  o.eclipse.m2e.core.internal.Bundles - 	Entry: D:\iHub\SpringBoot\SB\sts-4.30.0.RELEASE\plugins\org.eclipse.m2e.maven.runtime_3.9.900.20250220-2013\jars\wagon-http-shared-3.5.3.jar
2025-07-19 17:11:14,522 [Worker-6: Launching Executing install in D__iHub_Java-Project_sb-workplace_backend] INFO  o.eclipse.m2e.core.internal.Bundles - 	Entry: D:\iHub\SpringBoot\SB\sts-4.30.0.RELEASE\plugins\org.eclipse.m2e.maven.runtime_3.9.900.20250220-2013\jars\wagon-provider-api-3.5.3.jar
2025-07-19 17:11:14,522 [Worker-6: Launching Executing install in D__iHub_Java-Project_sb-workplace_backend] INFO  o.eclipse.m2e.core.internal.Bundles - getClasspathEntries(Bundle=com.google.guava_33.4.0.jre [29])
2025-07-19 17:11:14,522 [Worker-6: Launching Executing install in D__iHub_Java-Project_sb-workplace_backend] INFO  o.eclipse.m2e.core.internal.Bundles - 	Entry: D:\iHub\SpringBoot\SB\sts-4.30.0.RELEASE\plugins\com.google.guava_33.4.0.jre.jar
2025-07-19 17:11:14,522 [Worker-6: Launching Executing install in D__iHub_Java-Project_sb-workplace_backend] INFO  o.eclipse.m2e.core.internal.Bundles - getClasspathEntries(Bundle=slf4j.api_2.0.17 [608])
2025-07-19 17:11:14,522 [Worker-6: Launching Executing install in D__iHub_Java-Project_sb-workplace_backend] INFO  o.eclipse.m2e.core.internal.Bundles - 	Entry: D:\iHub\SpringBoot\SB\sts-4.30.0.RELEASE\plugins\slf4j.api_2.0.17.jar
2025-07-19 17:11:14,522 [Worker-6: Launching Executing install in D__iHub_Java-Project_sb-workplace_backend] INFO  o.eclipse.m2e.core.internal.Bundles - getClasspathEntries(Bundle=jakarta.inject.jakarta.inject-api_1.0.5 [45])
2025-07-19 17:11:14,522 [Worker-6: Launching Executing install in D__iHub_Java-Project_sb-workplace_backend] INFO  o.eclipse.m2e.core.internal.Bundles - 	Entry: D:\iHub\SpringBoot\SB\sts-4.30.0.RELEASE\plugins\jakarta.inject.jakarta.inject-api_1.0.5.jar
2025-07-19 17:11:14,522 [Worker-6: Launching Executing install in D__iHub_Java-Project_sb-workplace_backend] INFO  o.eclipse.m2e.core.internal.Bundles - getClasspathEntries(Bundle=jakarta.annotation-api_1.3.5 [41])
2025-07-19 17:11:14,522 [Worker-6: Launching Executing install in D__iHub_Java-Project_sb-workplace_backend] INFO  o.eclipse.m2e.core.internal.Bundles - 	Entry: D:\iHub\SpringBoot\SB\sts-4.30.0.RELEASE\plugins\jakarta.annotation-api_1.3.5.jar
2025-07-19 17:11:14,522 [Worker-6: Launching Executing install in D__iHub_Java-Project_sb-workplace_backend] INFO  o.eclipse.m2e.core.internal.Bundles - getClasspathEntries(Bundle=org.apache.commons.cli_1.9.0 [77])
2025-07-19 17:11:14,522 [Worker-6: Launching Executing install in D__iHub_Java-Project_sb-workplace_backend] INFO  o.eclipse.m2e.core.internal.Bundles - 	Entry: D:\iHub\SpringBoot\SB\sts-4.30.0.RELEASE\plugins\org.apache.commons.cli_1.9.0.jar
2025-07-19 17:11:14,522 [Worker-6: Launching Executing install in D__iHub_Java-Project_sb-workplace_backend] INFO  o.eclipse.m2e.core.internal.Bundles - getClasspathEntries(Bundle=org.apache.commons.commons-codec_1.16.0 [79])
2025-07-19 17:11:14,524 [Worker-6: Launching Executing install in D__iHub_Java-Project_sb-workplace_backend] INFO  o.eclipse.m2e.core.internal.Bundles - 	Entry: D:\iHub\SpringBoot\SB\sts-4.30.0.RELEASE\plugins\org.apache.commons.commons-codec_1.16.0.jar
2025-07-19 17:11:14,524 [Worker-6: Launching Executing install in D__iHub_Java-Project_sb-workplace_backend] INFO  o.eclipse.m2e.core.internal.Bundles - getClasspathEntries(Bundle=com.google.guava.failureaccess_1.0.2 [30])
2025-07-19 17:11:14,524 [Worker-6: Launching Executing install in D__iHub_Java-Project_sb-workplace_backend] INFO  o.eclipse.m2e.core.internal.Bundles - 	Entry: D:\iHub\SpringBoot\SB\sts-4.30.0.RELEASE\plugins\com.google.guava.failureaccess_1.0.2.jar
2025-07-19 17:11:14,525 [Worker-6: Launching Executing install in D__iHub_Java-Project_sb-workplace_backend] INFO  o.e.m.i.launch.MavenLaunchDelegate - Run build in "D:\iHub\Java-Project\sb-workplace\backend":
2025-07-19 17:11:14,525 [Worker-6: Launching Executing install in D__iHub_Java-Project_sb-workplace_backend] INFO  o.e.m.i.launch.MavenLaunchDelegate -  mvn  -Ppom.xml -B -Dstyle.color=always install
2025-07-19 17:11:44,444 [Worker-2: Updating Maven Project] INFO  o.e.m.c.i.p.ProjectConfigurationManager - Update started
2025-07-19 17:11:45,298 [Worker-2: Updating Maven Project] INFO  o.e.m.c.i.l.LifecycleMappingFactory - Using org.eclipse.m2e.jdt.JarLifecycleMapping lifecycle mapping for MavenProject: com.ihub.www:backend:0.0.1-SNAPSHOT @ D:\iHub\Java-Project\sb-workplace\backend\pom.xml.
2025-07-19 17:11:45,794 [Worker-2: Updating Maven Project] INFO  o.e.m.j.i.AbstractJavaProjectConfigurator - Adding source folder /backend/src/main/java
2025-07-19 17:11:45,795 [Worker-2: Updating Maven Project] INFO  o.e.m.j.i.AbstractJavaProjectConfigurator - Adding resource folder /backend/src/main/resources
2025-07-19 17:11:45,795 [Worker-2: Updating Maven Project] INFO  o.e.m.j.i.AbstractJavaProjectConfigurator - Adding resource folder /backend/src/main/resources
2025-07-19 17:11:45,796 [Worker-2: Updating Maven Project] INFO  o.e.m.j.i.AbstractJavaProjectConfigurator - Adding source folder /backend/src/test/java
2025-07-19 17:11:45,796 [Worker-2: Updating Maven Project] INFO  o.e.m.j.i.AbstractJavaProjectConfigurator - Adding resource folder /backend/src/test/resources
2025-07-19 17:11:46,038 [Worker-2: Updating Maven Project] INFO  o.e.m.c.i.p.ProjectConfigurationManager - Update completed for 1 poms: local refresh takes 0.00 sec, refresh facades takes 1.00 sec, update config takes 0.00 sec 
2025-07-19 17:11:46,415 [Worker-7: Building] INFO  o.a.m.s.f.DefaultMavenResourcesFiltering - Copying 1 resource from src\main\resources to target\classes
2025-07-19 17:11:46,427 [Worker-7: Building] INFO  o.a.m.s.f.DefaultMavenResourcesFiltering - Copying 0 resource from src\main\resources to target\classes
2025-07-19 17:11:46,431 [Worker-7: Building] INFO  o.a.m.s.f.DefaultMavenResourcesFiltering - skip non existing resourceDirectory D:\iHub\Java-Project\sb-workplace\backend\src\test\resources
2025-07-21 12:27:59,626 [Worker-1: Loading available Gradle versions] INFO  o.e.b.c.i.u.g.PublishedGradleVersions - Gradle version information cache is out-of-date. Trying to update.
2025-07-22 17:52:31,359 [Worker-2: Loading available Gradle versions] INFO  o.e.b.c.i.u.g.PublishedGradleVersions - Gradle version information cache is out-of-date. Trying to update.
2025-07-22 18:14:06,135 [Worker-15: Building] INFO  o.a.m.s.f.DefaultMavenResourcesFiltering - Copying 1 resource from src\main\resources to target\classes
2025-07-22 18:14:06,158 [Worker-15: Building] INFO  o.a.m.s.f.DefaultMavenResourcesFiltering - Copying 0 resource from src\main\resources to target\classes
2025-07-22 18:14:06,163 [Worker-15: Building] INFO  o.a.m.s.f.DefaultMavenResourcesFiltering - skip non existing resourceDirectory D:\iHub\Java-Project\sb-workplace\backend\src\test\resources
2025-07-22 21:17:48,556 [Worker-7: Loading available Gradle versions] INFO  o.e.b.c.i.u.g.PublishedGradleVersions - Gradle version information cache is up-to-date. Trying to read.
2025-07-22 21:49:07,938 [Worker-18: Building] INFO  o.a.m.s.f.DefaultMavenResourcesFiltering - Copying 1 resource from src\main\resources to target\classes
2025-07-22 21:49:07,974 [Worker-18: Building] INFO  o.a.m.s.f.DefaultMavenResourcesFiltering - Copying 0 resource from src\main\resources to target\classes
2025-07-22 21:49:07,982 [Worker-18: Building] INFO  o.a.m.s.f.DefaultMavenResourcesFiltering - skip non existing resourceDirectory D:\iHub\Java-Project\sb-workplace\backend\src\test\resources
2025-07-22 21:54:21,755 [Worker-16: Building] INFO  o.a.m.s.f.DefaultMavenResourcesFiltering - Copying 1 resource from src\main\resources to target\classes
2025-07-22 21:54:21,762 [Worker-16: Building] INFO  o.a.m.s.f.DefaultMavenResourcesFiltering - Copying 0 resource from src\main\resources to target\classes
2025-07-22 21:54:21,767 [Worker-16: Building] INFO  o.a.m.s.f.DefaultMavenResourcesFiltering - skip non existing resourceDirectory D:\iHub\Java-Project\sb-workplace\backend\src\test\resources
2025-07-22 23:29:27,484 [Worker-7: Loading available Gradle versions] INFO  o.e.b.c.i.u.g.PublishedGradleVersions - Gradle version information cache is up-to-date. Trying to read.
2025-07-23 15:28:57,908 [Worker-5: Loading available Gradle versions] INFO  o.e.b.c.i.u.g.PublishedGradleVersions - Gradle version information cache is up-to-date. Trying to read.
2025-07-23 15:44:33,378 [Worker-8: Building] INFO  o.a.m.s.f.DefaultMavenResourcesFiltering - Copying 1 resource from src\main\resources to target\classes
2025-07-23 15:44:33,404 [Worker-8: Building] INFO  o.a.m.s.f.DefaultMavenResourcesFiltering - Copying 0 resource from src\main\resources to target\classes
2025-07-23 15:44:33,409 [Worker-8: Building] INFO  o.a.m.s.f.DefaultMavenResourcesFiltering - skip non existing resourceDirectory D:\iHub\Java-Project\sb-workplace\backend\src\test\resources
2025-07-23 16:32:30,002 [Worker-18: Building] INFO  o.a.m.s.f.DefaultMavenResourcesFiltering - Copying 1 resource from src\main\resources to target\classes
2025-07-23 16:32:30,013 [Worker-18: Building] INFO  o.a.m.s.f.DefaultMavenResourcesFiltering - Copying 0 resource from src\main\resources to target\classes
2025-07-23 16:32:30,026 [Worker-18: Building] INFO  o.a.m.s.f.DefaultMavenResourcesFiltering - skip non existing resourceDirectory D:\iHub\Java-Project\sb-workplace\backend\src\test\resources
2025-07-23 16:32:33,744 [Worker-1: Building] INFO  o.a.m.s.f.DefaultMavenResourcesFiltering - Copying 1 resource from src\main\resources to target\classes
2025-07-23 16:32:33,752 [Worker-1: Building] INFO  o.a.m.s.f.DefaultMavenResourcesFiltering - Copying 0 resource from src\main\resources to target\classes
2025-07-23 16:32:33,763 [Worker-1: Building] INFO  o.a.m.s.f.DefaultMavenResourcesFiltering - skip non existing resourceDirectory D:\iHub\Java-Project\sb-workplace\backend\src\test\resources
2025-07-23 16:34:49,903 [Worker-2: Building] INFO  o.a.m.s.f.DefaultMavenResourcesFiltering - Copying 1 resource from src\main\resources to target\classes
2025-07-23 16:34:49,909 [Worker-2: Building] INFO  o.a.m.s.f.DefaultMavenResourcesFiltering - Copying 0 resource from src\main\resources to target\classes
2025-07-23 16:34:49,914 [Worker-2: Building] INFO  o.a.m.s.f.DefaultMavenResourcesFiltering - skip non existing resourceDirectory D:\iHub\Java-Project\sb-workplace\backend\src\test\resources
2025-07-23 16:40:58,947 [Worker-4: Building] INFO  o.a.m.s.f.DefaultMavenResourcesFiltering - Copying 1 resource from src\main\resources to target\classes
2025-07-23 16:40:58,959 [Worker-4: Building] INFO  o.a.m.s.f.DefaultMavenResourcesFiltering - Copying 0 resource from src\main\resources to target\classes
2025-07-23 16:40:58,965 [Worker-4: Building] INFO  o.a.m.s.f.DefaultMavenResourcesFiltering - skip non existing resourceDirectory D:\iHub\Java-Project\sb-workplace\backend\src\test\resources
2025-07-23 16:45:19,412 [Worker-16: Building] INFO  o.a.m.s.f.DefaultMavenResourcesFiltering - Copying 1 resource from src\main\resources to target\classes
2025-07-23 16:45:19,423 [Worker-16: Building] INFO  o.a.m.s.f.DefaultMavenResourcesFiltering - Copying 0 resource from src\main\resources to target\classes
2025-07-23 16:45:19,427 [Worker-16: Building] INFO  o.a.m.s.f.DefaultMavenResourcesFiltering - skip non existing resourceDirectory D:\iHub\Java-Project\sb-workplace\backend\src\test\resources
2025-07-23 16:46:19,964 [Worker-8: Building] INFO  o.a.m.s.f.DefaultMavenResourcesFiltering - Copying 1 resource from src\main\resources to target\classes
2025-07-23 16:46:19,978 [Worker-8: Building] INFO  o.a.m.s.f.DefaultMavenResourcesFiltering - Copying 0 resource from src\main\resources to target\classes
2025-07-23 16:46:19,981 [Worker-8: Building] INFO  o.a.m.s.f.DefaultMavenResourcesFiltering - skip non existing resourceDirectory D:\iHub\Java-Project\sb-workplace\backend\src\test\resources
2025-07-23 20:06:22,418 [Worker-1: Loading available Gradle versions] INFO  o.e.b.c.i.u.g.PublishedGradleVersions - Gradle version information cache is out-of-date. Trying to update.
2025-07-25 17:16:14,619 [Worker-1: Loading available Gradle versions] INFO  o.e.b.c.i.u.g.PublishedGradleVersions - Gradle version information cache is out-of-date. Trying to update.
2025-07-25 17:53:37,395 [Worker-14: Building] INFO  o.a.m.s.f.DefaultMavenResourcesFiltering - Copying 1 resource from src\main\resources to target\classes
2025-07-25 17:53:37,428 [Worker-14: Building] INFO  o.a.m.s.f.DefaultMavenResourcesFiltering - Copying 0 resource from src\main\resources to target\classes
2025-07-25 17:53:37,434 [Worker-14: Building] INFO  o.a.m.s.f.DefaultMavenResourcesFiltering - skip non existing resourceDirectory D:\iHub\Java-Project\sb-workplace\backend\src\test\resources
2025-07-25 17:56:06,871 [Worker-11: Building] INFO  o.a.m.s.f.DefaultMavenResourcesFiltering - Copying 1 resource from src\main\resources to target\classes
2025-07-25 17:56:06,878 [Worker-11: Building] INFO  o.a.m.s.f.DefaultMavenResourcesFiltering - Copying 0 resource from src\main\resources to target\classes
2025-07-25 17:56:06,882 [Worker-11: Building] INFO  o.a.m.s.f.DefaultMavenResourcesFiltering - skip non existing resourceDirectory D:\iHub\Java-Project\sb-workplace\backend\src\test\resources
2025-07-26 12:32:32,998 [Worker-0: Loading available Gradle versions] INFO  o.e.b.c.i.u.g.PublishedGradleVersions - Gradle version information cache is up-to-date. Trying to read.
2025-07-28 08:41:20,975 [Worker-7: Loading available Gradle versions] INFO  o.e.b.c.i.u.g.PublishedGradleVersions - Gradle version information cache is out-of-date. Trying to update.
2025-07-28 08:42:00,983 [Worker-18: Building] INFO  o.a.m.s.f.DefaultMavenResourcesFiltering - Copying 1 resource from src\main\resources to target\classes
2025-07-28 08:42:01,003 [Worker-18: Building] INFO  o.a.m.s.f.DefaultMavenResourcesFiltering - Copying 0 resource from src\main\resources to target\classes
2025-07-28 08:42:01,009 [Worker-18: Building] INFO  o.a.m.s.f.DefaultMavenResourcesFiltering - skip non existing resourceDirectory D:\iHub\Java-Project\sb-workplace\backend\src\test\resources
2025-07-30 22:14:27,176 [Worker-2: Loading available Gradle versions] INFO  o.e.b.c.i.u.g.PublishedGradleVersions - Gradle version information cache is out-of-date. Trying to update.
2025-08-05 22:34:22,877 [Worker-2: Loading available Gradle versions] INFO  o.e.b.c.i.u.g.PublishedGradleVersions - Gradle version information cache is out-of-date. Trying to update.
2025-08-07 16:05:39,423 [Worker-0: Loading available Gradle versions] INFO  o.e.b.c.i.u.g.PublishedGradleVersions - Gradle version information cache is out-of-date. Trying to update.
2025-08-07 16:05:53,053 [Worker-6: Launching backend - BackendApplication] INFO  o.a.m.s.f.DefaultMavenResourcesFiltering - Copying 1 resource from src\main\resources to target\classes
2025-08-07 16:05:53,070 [Worker-6: Launching backend - BackendApplication] INFO  o.a.m.s.f.DefaultMavenResourcesFiltering - Copying 0 resource from src\main\resources to target\classes
2025-08-07 16:05:53,073 [Worker-6: Launching backend - BackendApplication] INFO  o.a.m.s.f.DefaultMavenResourcesFiltering - skip non existing resourceDirectory D:\iHub\Java-Project\sb-workplace\backend\src\test\resources
2025-08-10 19:20:23,852 [Worker-8: Loading available Gradle versions] INFO  o.e.b.c.i.u.g.PublishedGradleVersions - Gradle version information cache is out-of-date. Trying to update.
2025-08-11 20:55:50,372 [Worker-7: Loading available Gradle versions] INFO  o.e.b.c.i.u.g.PublishedGradleVersions - Gradle version information cache is out-of-date. Trying to update.
2025-08-11 21:20:25,706 [Worker-1: Loading available Gradle versions] INFO  o.e.b.c.i.u.g.PublishedGradleVersions - Gradle version information cache is up-to-date. Trying to read.
2025-08-11 21:26:18,685 [Worker-2: Loading available Gradle versions] INFO  o.e.b.c.i.u.g.PublishedGradleVersions - Gradle version information cache is up-to-date. Trying to read.
2025-08-11 21:28:30,466 [Worker-1: Loading available Gradle versions] INFO  o.e.b.c.i.u.g.PublishedGradleVersions - Gradle version information cache is up-to-date. Trying to read.
